[debug] [2024-08-25T20:21:34.421Z] ----------------------------------------------------------------------
[debug] [2024-08-25T20:21:34.431Z] Command:       C:\Program Files\nodejs\node.exe C:\Users\MSS\AppData\Roaming\npm\node_modules\firebase-tools\lib\bin\firebase.js init
[debug] [2024-08-25T20:21:34.432Z] CLI Version:   13.15.4
[debug] [2024-08-25T20:21:34.432Z] Platform:      win32
[debug] [2024-08-25T20:21:34.432Z] Node Version:  v22.3.0
[debug] [2024-08-25T20:21:34.433Z] Time:          Mon Aug 26 2024 01:21:34 GMT+0500 (Pakistan Standard Time)
[debug] [2024-08-25T20:21:34.434Z] ----------------------------------------------------------------------
[debug] 
[debug] [2024-08-25T20:21:34.833Z] > command requires scopes: ["email","openid","https://www.googleapis.com/auth/cloudplatformprojects.readonly","https://www.googleapis.com/auth/firebase","https://www.googleapis.com/auth/cloud-platform"]
[debug] [2024-08-25T20:21:34.842Z] > authorizing via signed-in user (muteebramzan3@gmail.com)
[info] 
     ######## #### ########  ######## ########     ###     ######  ########
     ##        ##  ##     ## ##       ##     ##  ##   ##  ##       ##
     ######    ##  ########  ######   ########  #########  ######  ######
     ##        ##  ##    ##  ##       ##     ## ##     ##       ## ##
     ##       #### ##     ## ######## ########  ##     ##  ######  ########

You're about to initialize a Firebase project in this directory:

  E:\SMIT\React\e-commeerce

Before we get started, keep in mind:

  * You are initializing within an existing Firebase project directory

